mode: set
github.com/elkcityhazard/am-router/am_router.go:15.66,18.21 3 1
github.com/elkcityhazard/am-router/am_router.go:18.21,19.27 1 1
github.com/elkcityhazard/am-router/am_router.go:19.27,21.4 1 1
github.com/elkcityhazard/am-router/am_router.go:22.3,22.23 1 1
github.com/elkcityhazard/am-router/am_router.go:23.8,25.3 1 1
github.com/elkcityhazard/am-router/am_router.go:38.28,45.2 1 1
github.com/elkcityhazard/am-router/am_router.go:59.119,63.20 2 1
github.com/elkcityhazard/am-router/am_router.go:63.20,65.28 1 1
github.com/elkcityhazard/am-router/am_router.go:65.28,67.4 1 1
github.com/elkcityhazard/am-router/am_router.go:71.2,72.16 2 1
github.com/elkcityhazard/am-router/am_router.go:72.16,74.3 1 0
github.com/elkcityhazard/am-router/am_router.go:75.2,82.12 2 1
github.com/elkcityhazard/am-router/am_router.go:85.72,88.14 2 1
github.com/elkcityhazard/am-router/am_router.go:88.14,90.3 1 0
github.com/elkcityhazard/am-router/am_router.go:92.2,94.35 2 1
github.com/elkcityhazard/am-router/am_router.go:94.35,97.23 2 1
github.com/elkcityhazard/am-router/am_router.go:97.23,98.32 1 1
github.com/elkcityhazard/am-router/am_router.go:98.32,100.13 2 1
github.com/elkcityhazard/am-router/am_router.go:104.4,106.93 2 1
github.com/elkcityhazard/am-router/am_router.go:106.93,108.5 1 1
github.com/elkcityhazard/am-router/am_router.go:111.4,111.33 1 1
github.com/elkcityhazard/am-router/am_router.go:111.33,113.5 1 1
github.com/elkcityhazard/am-router/am_router.go:115.4,115.37 1 1
github.com/elkcityhazard/am-router/am_router.go:115.37,117.5 1 1
github.com/elkcityhazard/am-router/am_router.go:119.4,120.10 2 1
github.com/elkcityhazard/am-router/am_router.go:124.2,124.20 1 1
github.com/elkcityhazard/am-router/am_router.go:124.20,126.98 1 1
github.com/elkcityhazard/am-router/am_router.go:126.98,131.4 4 1
github.com/elkcityhazard/am-router/am_router.go:133.3,135.9 3 1
github.com/elkcityhazard/am-router/am_router.go:137.8,141.3 3 1
github.com/elkcityhazard/am-router/am_router.go:147.88,149.56 1 1
github.com/elkcityhazard/am-router/am_router.go:149.56,152.24 2 1
github.com/elkcityhazard/am-router/am_router.go:152.24,156.4 2 1
github.com/elkcityhazard/am-router/am_router.go:156.9,159.4 2 1
github.com/elkcityhazard/am-router/am_router.go:161.3,161.14 1 1
github.com/elkcityhazard/am-router/am_router.go:163.2,163.14 1 1
github.com/elkcityhazard/am-router/am_router.go:168.62,170.2 1 1
github.com/elkcityhazard/am-router/am_router.go:173.110,175.44 1 1
github.com/elkcityhazard/am-router/am_router.go:175.44,178.3 2 1
github.com/elkcityhazard/am-router/am_router.go:179.2,179.16 1 1
github.com/elkcityhazard/am-router/am_router.go:182.79,185.35 2 1
github.com/elkcityhazard/am-router/am_router.go:185.35,187.3 1 1
github.com/elkcityhazard/am-router/am_router.go:189.2,191.33 2 1
